<?xml version="1.0" encoding="UTF-8"?>
<!-- Generated by org.testng.reporters.JUnitXMLReporter -->
<testsuite hostname="MCNJY01" ignored="0" name="Default test" tests="5" failures="0" timestamp="21 Jun 2018 05:58:00 GMT" time="5.458" errors="0">
  <testcase name="validateAPIResponse" time="2.802" classname="com.AutomateAPI"/>
  <testcase name="validateGET" time="0.818" classname="com.AutomateAPI"/>
  <testcase name="doPOST" time="0.482" classname="com.AutomateAPI"/>
  <testcase name="doPUT" time="0.67" classname="com.AutomateAPI"/>
  <testcase name="doDELETE" time="0.647" classname="com.AutomateAPI"/>
</testsuite> <!-- Default test -->
