<?xml version="1.0" encoding="UTF-8"?>
<!-- Generated by org.testng.reporters.JUnitXMLReporter -->
<testsuite hostname="MCNJY01" ignored="0" name="Default test" tests="5" failures="0" timestamp="21 Jun 2019 13:02:55 GMT" time="6.559" errors="0">
  <testcase name="validateAPIResponse" time="2.432" classname="com.AutomateAPI"/>
  <testcase name="validateGET" time="0.988" classname="com.AutomateAPI"/>
  <testcase name="doPOST" time="1.233" classname="com.AutomateAPI"/>
  <testcase name="doPUT" time="0.948" classname="com.AutomateAPI"/>
  <testcase name="doDELETE" time="0.927" classname="com.AutomateAPI"/>
</testsuite> <!-- Default test -->
