<?xml version="1.0" encoding="UTF-8"?>
<!-- Generated by org.testng.reporters.JUnitXMLReporter -->
<testsuite hostname="MCNJY01" ignored="0" name="testngTest" tests="5" failures="0" timestamp="21 Jun 2019 13:26:30 GMT" time="6.397" errors="0">
  <testcase name="validateAPIResponse" time="2.598" classname="com.AutomateAPI"/>
  <testcase name="validateGET" time="0.863" classname="com.AutomateAPI"/>
  <testcase name="doPOST" time="0.925" classname="com.AutomateAPI"/>
  <testcase name="doPUT" time="0.892" classname="com.AutomateAPI"/>
  <testcase name="doDELETE" time="1.068" classname="com.AutomateAPI"/>
</testsuite> <!-- testngTest -->
