<?xml version="1.0" encoding="UTF-8"?>
<!-- Generated by org.testng.reporters.JUnitXMLReporter -->
<testsuite hostname="MCNJY01" ignored="0" name="Command line test" tests="3" failures="0" timestamp="01 Jun 2018 11:21:27 GMT" time="4.002" errors="0">
  <testcase name="ValidateAPIResponse" time="2.062" classname="com.APIAutomate"/>
  <testcase name="ValidateJSONData" time="0.788" classname="com.APIAutomate"/>
  <testcase name="getAPIReturnValue" time="0.759" classname="com.APIAutomate"/>
</testsuite> <!-- Command line test -->
