<?xml version="1.0" encoding="UTF-8"?>
<testng-results skipped="0" failed="0" ignored="0" total="5" passed="5">
  <reporter-output>
  </reporter-output>
  <suite name="Suite" duration-ms="6397" started-at="2019-06-21T13:26:24Z" finished-at="2019-06-21T13:26:30Z">
    <groups>
    </groups>
    <test name="testngTest" duration-ms="6397" started-at="2019-06-21T13:26:24Z" finished-at="2019-06-21T13:26:30Z">
      <class name="com.AutomateAPI">
        <test-method status="PASS" signature="beforeTest()[pri:0, instance:com.AutomateAPI@34033bd0]" name="beforeTest" is-config="true" duration-ms="15" started-at="2019-06-21T18:56:24Z" finished-at="2019-06-21T18:56:24Z">
          <reporter-output>
          </reporter-output>
        </test-method> <!-- beforeTest -->
        <test-method status="PASS" signature="validateAPIResponse()[pri:1, instance:com.AutomateAPI@34033bd0]" name="validateAPIResponse" duration-ms="2598" started-at="2019-06-21T18:56:24Z" finished-at="2019-06-21T18:56:26Z">
          <reporter-output>
          </reporter-output>
        </test-method> <!-- validateAPIResponse -->
        <test-method status="PASS" signature="validateGET()[pri:2, instance:com.AutomateAPI@34033bd0]" name="validateGET" duration-ms="863" started-at="2019-06-21T18:56:26Z" finished-at="2019-06-21T18:56:27Z">
          <reporter-output>
          </reporter-output>
        </test-method> <!-- validateGET -->
        <test-method status="PASS" signature="doPOST()[pri:3, instance:com.AutomateAPI@34033bd0]" name="doPOST" duration-ms="925" started-at="2019-06-21T18:56:27Z" finished-at="2019-06-21T18:56:28Z">
          <reporter-output>
          </reporter-output>
        </test-method> <!-- doPOST -->
        <test-method status="PASS" signature="doPUT()[pri:4, instance:com.AutomateAPI@34033bd0]" name="doPUT" duration-ms="892" started-at="2019-06-21T18:56:28Z" finished-at="2019-06-21T18:56:29Z">
          <reporter-output>
          </reporter-output>
        </test-method> <!-- doPUT -->
        <test-method status="PASS" signature="doDELETE()[pri:5, instance:com.AutomateAPI@34033bd0]" name="doDELETE" duration-ms="1068" started-at="2019-06-21T18:56:29Z" finished-at="2019-06-21T18:56:30Z">
          <reporter-output>
          </reporter-output>
        </test-method> <!-- doDELETE -->
        <test-method status="PASS" signature="afterTest()[pri:0, instance:com.AutomateAPI@34033bd0]" name="afterTest" is-config="true" duration-ms="0" started-at="2019-06-21T18:56:30Z" finished-at="2019-06-21T18:56:30Z">
          <reporter-output>
          </reporter-output>
        </test-method> <!-- afterTest -->
      </class> <!-- com.AutomateAPI -->
    </test> <!-- testngTest -->
  </suite> <!-- Suite -->
</testng-results>
