<?xml version="1.0" encoding="UTF-8"?>
<!-- Generated by org.testng.reporters.JUnitXMLReporter -->
<testsuite hostname="MCNJY01" ignored="0" name="testngTest" tests="3" failures="0" timestamp="01 Jun 2018 11:19:04 GMT" time="2.695" errors="0">
  <testcase name="ValidateAPIResponse" time="2.236" classname="com.APIAutomate"/>
  <testcase name="getAPIReturnValue" time="2.255" classname="com.APIAutomate"/>
  <testcase name="ValidateJSONData" time="2.257" classname="com.APIAutomate"/>
</testsuite> <!-- testngTest -->
